<?xml version="1.0" encoding="UTF-8"?>
<testng-results ignored="0" total="1" passed="1" failed="0" skipped="0">
  <reporter-output>
  </reporter-output>
  <suite started-at="2023-05-25T14:39:15 IST" name="Default suite" finished-at="2023-05-25T14:39:59 IST" duration-ms="43929">
    <groups>
    </groups>
    <test started-at="2023-05-25T14:39:15 IST" name="Default test" finished-at="2023-05-25T14:39:59 IST" duration-ms="43929">
      <class name="Practise.ICCPractise">
        <test-method signature="iccTest()[pri:0, instance:Practise.ICCPractise@d29f28]" started-at="2023-05-25T14:39:15 IST" name="iccTest" finished-at="2023-05-25T14:39:59 IST" duration-ms="43876" status="PASS">
          <reporter-output>
          </reporter-output>
        </test-method> <!-- iccTest -->
      </class> <!-- Practise.ICCPractise -->
    </test> <!-- Default test -->
  </suite> <!-- Default suite -->
</testng-results>
